{
  "timestamp": "2024-03-23T20:05:44.066Z",
  "details": {
    "message": "[API] URL shortened successfully",
    "Link ID": "lu4ishnp-b71ri1",
    "Short URL": "http://localhost:3000/ZyS8RJ",
    "Long URL": "https://google.com",
    "Created At": "23 March, 2024, 22:5:43",
    "Request ID": "49772760-dc28-4ead-8950-ef8683dd4626"
  }
}

{
  "timestamp": "2024-03-24T17:08:00.437Z",
  "details": {
    "message": "[API] URL shortened successfully",
    "Link ID": "lu5rvrzv-9fih9t",
    "Short URL": "http://localhost:3000/XACao2",
    "Long URL": "https://beta.r.mtdv.me/articles/pKT9LdgMFN",
    "Created At": "24 March, 2024, 19:7:59",
    "Request ID": "060cc389-acf3-47c6-aebd-f0bcaa24f8ef"
  }
}

{
  "timestamp": "2024-03-26T11:02:04.837Z",
  "details": {
    "message": "[API] URL shortened successfully",
    "Link ID": "lu89owb2-47q5i4",
    "Short URL": "http://localhost:3000/7nrjNj",
    "Long URL": "https://sniplink.xyz/",
    "Created At": "26 March, 2024, 13:2:3",
    "Request ID": "b9da0b5c-d6c3-44ed-bb05-b5095e2611ae"
  }
}

{
  "timestamp": "2024-03-26T11:03:10.226Z",
  "details": {
    "message": "[API] URL shortened successfully",
    "Link ID": "lu89qb01-tnzy9t",
    "Short URL": "http://localhost:3000/gy643N",
    "Long URL": "https://sniplink.xyz/",
    "Created At": "26 March, 2024, 13:3:9",
    "Request ID": "bddf5bcd-d087-4662-a718-96e5bae13c61"
  }
}

{
  "timestamp": "2024-03-26T11:08:08.564Z",
  "details": {
    "message": "[API] URL shortened successfully",
    "Link ID": "lu89wozq-i9xvsc",
    "Short URL": "http://localhost:3000/P8R9g2",
    "Long URL": "https://sniplink.xyz/",
    "Created At": "26 March, 2024, 13:8:7",
    "Request ID": "e9836dc0-2701-48d0-9386-5ea1abdda2a2"
  }
}

{
  "timestamp": "2024-03-26T11:09:58.051Z",
  "details": {
    "message": "[API] URL shortened successfully",
    "Link ID": "lu89z1m9-9wxvgw",
    "Short URL": "http://localhost:3000/k9Oi2s",
    "Long URL": "https://sniplink.xyz/",
    "Created At": "26 March, 2024, 13:9:57",
    "Request ID": "16195837-7d3c-4f12-a770-103103bb4e1c"
  }
}

{
  "timestamp": "2024-03-26T11:10:07.603Z",
  "details": {
    "message": "[API] URL shortened successfully",
    "Link ID": "lu89z8id-bbj233",
    "Short URL": "http://localhost:3000/nhfnIx",
    "Long URL": "https://sniplink.xyz/",
    "Created At": "26 March, 2024, 13:10:6",
    "Request ID": "8f3448b9-ce12-48f0-b5e0-94721f121fe6"
  }
}

{
  "timestamp": "2024-03-26T11:18:03.005Z",
  "details": {
    "message": "[API] URL shortened successfully",
    "Link ID": "lu8a9fqj-dnq74g",
    "Short URL": "http://localhost:3000/3x4QTm",
    "Long URL": "https://sniplink.xyz/",
    "Created At": "26 March, 2024, 13:18:2",
    "Request ID": "92347888-03c3-44a9-a246-0730008ccc55"
  }
}

{
  "timestamp": "2024-03-26T11:18:12.328Z",
  "details": {
    "message": "[API] URL shortened successfully",
    "Link ID": "lu8a9mqv-456lya",
    "Short URL": "http://localhost:3000/cyFk4A",
    "Long URL": "https://sniplink.xyz/",
    "Created At": "26 March, 2024, 13:18:11",
    "Request ID": "6bb3a7f9-2d4c-4ef8-9b32-85690cb5159e"
  }
}

{
  "timestamp": "2024-03-26T11:19:14.584Z",
  "details": {
    "message": "[API] URL shortened successfully",
    "Link ID": "lu8aayzd-hrprwr",
    "Short URL": "http://localhost:3000/kvYMKl",
    "Long URL": "https://sniplink.xyz/",
    "Created At": "26 March, 2024, 13:19:13",
    "Request ID": "5d822d19-c2da-4454-9ecb-824455a4043e"
  }
}

{
  "timestamp": "2024-03-26T11:19:18.619Z",
  "details": {
    "message": "[API] URL shortened successfully",
    "Link ID": "lu8ab2am-jzo2b5",
    "Short URL": "http://localhost:3000/0Kw7Qo",
    "Long URL": "https://sniplink.xyz/",
    "Created At": "26 March, 2024, 13:19:18",
    "Request ID": "e0b0c751-b0c6-4372-bf30-beca0cf55ad4"
  }
}

{
  "timestamp": "2024-03-26T11:21:57.781Z",
  "details": {
    "message": "[API] URL shortened successfully",
    "Link ID": "lu8aego7-zhvoqs",
    "Short URL": "http://localhost:3000/iEgaP9",
    "Long URL": "https://sniplink.xyz/",
    "Created At": "26 March, 2024, 13:21:56",
    "Request ID": "a9bc87f4-93c8-4e19-be00-c76efe64766f"
  }
}

{
  "timestamp": "2024-03-26T11:23:31.614Z",
  "details": {
    "message": "[API] URL shortened successfully",
    "Link ID": "lu8aghcw-r6puwx",
    "Short URL": "http://localhost:3000/V5AUKs",
    "Long URL": "https://sniplink.xyz/",
    "Created At": "26 March, 2024, 13:23:30",
    "Request ID": "81525f24-d0f7-40a3-89a6-4138b7c9754b"
  }
}

{
  "timestamp": "2024-03-26T11:23:57.498Z",
  "details": {
    "message": "[API] URL shortened successfully",
    "Link ID": "lu8ah0p4-ct40rn",
    "Short URL": "http://localhost:3000/SamXlo",
    "Long URL": "https://sniplink.xyz/",
    "Created At": "26 March, 2024, 13:23:56",
    "Request ID": "51d66746-ef4f-4ec0-b89f-85091c3956f9"
  }
}

{
  "timestamp": "2024-03-26T11:27:56.625Z",
  "details": {
    "message": "[API] URL shortened successfully",
    "Link ID": "lu8am61h-keyakt",
    "Short URL": "http://localhost:3000/lu8am61i-qwanu9",
    "Long URL": "https://sniplink.xyz/",
    "Created At": "26 March, 2024, 13:27:55",
    "Request ID": "9c9bca77-58eb-4e6c-a36c-d872b52dd3e7"
  }
}

{
  "timestamp": "2024-03-26T11:32:26.305Z",
  "details": {
    "message": "[API] URL shortened successfully",
    "Link ID": "lu8arxxw-114iij",
    "Short URL": "http://localhost:3000/NNREyC",
    "Long URL": "https://sniplink.xyz/",
    "Created At": "26 March, 2024, 13:32:25",
    "Request ID": "321e0db3-7283-4fea-8efe-6ee3e2093976"
  }
}

{
  "timestamp": "2024-03-26T11:36:47.398Z",
  "details": {
    "message": "[API] URL shortened successfully",
    "Link ID": "lu8axj8u-dt60ua",
    "Short URL": "http://localhost:3000/FemYh8",
    "Long URL": "https://sniplink.xyz/",
    "Created At": "26 March, 2024, 13:36:46",
    "Request ID": "89ac3947-e486-46ca-87b1-aa0588082d1f"
  }
}

{
  "timestamp": "2024-03-26T11:36:54.318Z",
  "details": {
    "message": "[API] URL shortened successfully",
    "Link ID": "lu8axopv-q38nxn",
    "Short URL": "http://localhost:3000/XYlCSV",
    "Long URL": "https://sniplink.xyz/",
    "Created At": "26 March, 2024, 13:36:53",
    "Request ID": "28aecac3-bcb2-4305-b848-234b3115ac4d"
  }
}

{
  "timestamp": "2024-03-26T11:37:29.662Z",
  "details": {
    "message": "[API] URL shortened successfully",
    "Link ID": "lu8ayfvv-r9941e",
    "Short URL": "http://localhost:3000/bKqu3Y",
    "Long URL": "https://sniplink.xyz/",
    "Created At": "26 March, 2024, 13:37:28",
    "Request ID": "2dba81ed-5189-4ab7-b3c1-94010493422b"
  }
}

{
  "timestamp": "2024-03-26T11:42:17.254Z",
  "details": {
    "message": "[API] URL shortened successfully",
    "Link ID": "lu8b4ltr-p34qj9",
    "Short URL": "http://localhost:3000/MNESmJ",
    "Long URL": "https://sniplink.xyz/",
    "Created At": "26 March, 2024, 13:42:16",
    "Request ID": "ed33d141-2d1d-4d9c-b23d-41fadbf9cea7"
  }
}

{
  "timestamp": "2024-03-26T11:44:49.579Z",
  "details": {
    "message": "[API] URL shortened successfully",
    "Link ID": "lu8b7vfu-ycxkb0",
    "Short URL": "http://localhost:3000/dtg8qm",
    "Long URL": "https://sniplink.xyz/",
    "Created At": "26 March, 2024, 13:44:48",
    "Request ID": "f59ff6d8-78ba-4859-a9b3-166b70528a62"
  }
}

{
  "timestamp": "2024-03-26T11:48:19.154Z",
  "details": {
    "message": "[API] URL shortened successfully",
    "Link ID": "lu8bcd0j-o63ltx",
    "Short URL": "http://localhost:3000/eaEcHq",
    "Long URL": "https://sniplink.xyz/",
    "Created At": "26 March, 2024, 13:48:18",
    "Request ID": "38002b3d-8c6b-4d53-9957-11146210b396"
  }
}

{
  "timestamp": "2024-03-26T12:03:27.644Z",
  "details": {
    "message": "[API] URL shortened successfully",
    "Link ID": "lu8bvu4f-kpswia",
    "Short URL": "http://localhost:3000/OoGVCa",
    "Long URL": "https://sniplink.xyz/",
    "Created At": "26 March, 2024, 14:3:26",
    "Request ID": "ff3fdae0-3f14-4c90-a9d8-42a569146daf"
  }
}

{
  "timestamp": "2024-03-26T12:05:14.185Z",
  "details": {
    "message": "[API] URL shortened successfully",
    "Link ID": "lu8by49j-l4x5w9",
    "Short URL": "http://localhost:3000/7uVzoY",
    "Long URL": "https://sniplink.xyz/",
    "Created At": "26 March, 2024, 14:5:13",
    "Request ID": "09b3b9ea-b8f0-408c-8777-b4da3824a5d9"
  }
}

{
  "timestamp": "2024-03-26T12:06:56.815Z",
  "details": {
    "message": "[API] URL shortened successfully",
    "Link ID": "lu8c0bko-gj2ow9",
    "Short URL": "http://localhost:3000/q5NvNn",
    "Long URL": "https://sniplink.xyz/",
    "Created At": "26 March, 2024, 14:6:56",
    "Request ID": "0597d6af-51e7-440d-b954-c704a87947bc"
  }
}

{
  "timestamp": "2024-03-26T12:20:01.111Z",
  "details": {
    "message": "[API] URL shortened successfully",
    "Link ID": "lu8ch4p2-d2luug",
    "Short URL": "http://localhost:3000/NUj3dW",
    "Long URL": "https://sniplink.xyz/",
    "Created At": "26 March, 2024, 14:20:0",
    "Request ID": "b9e68b26-6e3b-4da6-8184-95a0279534a6"
  }
}

{
  "timestamp": "2024-03-26T12:22:41.380Z",
  "details": {
    "message": "[API] URL shortened successfully",
    "Link ID": "lu8ckkb6-83ad9c",
    "Short URL": "http://localhost:3000/JrS5vQ",
    "Long URL": "https://sniplink.xyz/",
    "Created At": "26 March, 2024, 14:22:40",
    "Request ID": "10a7b186-207b-477e-bf34-7bddfe58b59d"
  }
}

{
  "timestamp": "2024-03-26T12:22:50.060Z",
  "details": {
    "message": "[API] URL shortened successfully",
    "Link ID": "lu8ckr4a-wr3h9r",
    "Short URL": "http://localhost:3000/EuqVPP",
    "Long URL": "https://sniplink.xyz/",
    "Created At": "26 March, 2024, 14:22:49",
    "Request ID": "be1c5e3f-996d-44cd-88bf-367b82dfbdbc"
  }
}

{
  "timestamp": "2024-03-26T12:23:52.931Z",
  "details": {
    "message": "[API] URL shortened successfully",
    "Link ID": "lu8cm3ic-5rkq0f",
    "Short URL": "http://localhost:3000/nbDOkr",
    "Long URL": "https://sniplink.xyz/",
    "Created At": "26 March, 2024, 14:23:52",
    "Request ID": "45f64eab-ed8b-4e14-aa30-3c47d085ef00"
  }
}

{
  "timestamp": "2024-03-26T12:56:11.307Z",
  "details": {
    "message": "[API] URL shortened successfully",
    "Link ID": "lu8drn29-fc2446",
    "Short URL": "http://localhost:3000/3wPqZ5",
    "Long URL": "https://sniplink.xyz/",
    "Created At": "26 March, 2024, 14:56:10",
    "Request ID": "d6c2a415-ba79-4d05-a422-1f6c460c4fb8"
  }
}

{
  "timestamp": "2024-03-26T12:58:47.072Z",
  "details": {
    "message": "[API] URL shortened successfully",
    "Link ID": "lu8duzab-owwh32",
    "Short URL": "http://localhost:3000/J1K2Q6",
    "Long URL": "https://sniplink.xyz/",
    "Created At": "26 March, 2024, 14:58:46",
    "Request ID": "630f9879-3142-495f-b85b-6c6bcfc8c8fc"
  }
}

{
  "timestamp": "2024-03-26T13:00:08.489Z",
  "details": {
    "message": "[API] URL shortened successfully",
    "Link ID": "lu8dwqap-joxhce",
    "Short URL": "http://localhost:3000/b6emHT",
    "Long URL": "https://sniplink.xyz/",
    "Created At": "26 March, 2024, 15:0:7",
    "Request ID": "df8d5762-1148-4442-a90c-150e298cbb8d"
  }
}

{
  "timestamp": "2024-03-26T13:00:59.255Z",
  "details": {
    "message": "[API] URL shortened successfully",
    "Link ID": "lu8dxtfy-wrywwc",
    "Short URL": "http://localhost:3000/k2Xi4C",
    "Long URL": "https://sniplink.xyz/",
    "Created At": "26 March, 2024, 15:0:58",
    "Request ID": "bfeefb9c-8bc1-43bd-86d9-d0cbbc82e577"
  }
}

{
  "timestamp": "2024-03-26T13:01:55.430Z",
  "details": {
    "message": "[API] URL shortened successfully",
    "Link ID": "lu8dz0rp-saer6c",
    "Short URL": "http://localhost:3000/WFnlKL",
    "Long URL": "https://sniplink.xyz/",
    "Created At": "26 March, 2024, 15:1:54",
    "Request ID": "7da110ed-46a7-4dfa-a9b8-1e08a155df05"
  }
}

{
  "timestamp": "2024-03-26T13:03:54.376Z",
  "details": {
    "message": "[API] URL shortened successfully",
    "Link ID": "lu8e1k88-kruac7",
    "Short URL": "http://localhost:3000/0pnBAJ",
    "Long URL": "https://sniplink.xyz/",
    "Created At": "26 March, 2024, 15:3:53",
    "Request ID": "bc6d7b3e-bd33-4fae-b638-cc7fe1d0fd2d"
  }
}

{
  "timestamp": "2024-03-26T13:06:19.360Z",
  "details": {
    "message": "[API] URL shortened successfully",
    "Link ID": "lu8e4oge-5mc0e8",
    "Short URL": "http://localhost:3000/JwHQVP",
    "Long URL": "https://sniplink.xyz/",
    "Created At": "26 March, 2024, 15:6:18",
    "Request ID": "c142e966-9c5c-4324-82b6-71712d77e667"
  }
}

{
  "timestamp": "2024-03-26T13:08:10.952Z",
  "details": {
    "message": "[API] URL shortened successfully",
    "Link ID": "lu8e72jk-16rrc1",
    "Short URL": "http://localhost:3000/u6eetX",
    "Long URL": "https://sniplink.xyz/",
    "Created At": "26 March, 2024, 15:8:10",
    "Request ID": "16713c52-449e-42ee-bcb5-b8d2f5533639"
  }
}

{
  "timestamp": "2024-03-26T16:01:24.614Z",
  "details": {
    "message": "[API] URL shortened successfully",
    "Link ID": "lu8kducy-z60ijm",
    "Short URL": "http://localhost:3000/68sk1s",
    "Long URL": "https://sniplink.xyz/",
    "Created At": "26 March, 2024, 18:1:23",
    "Request ID": "2d4d6521-9e28-4796-ba37-e27248c224c3"
  }
}

{
  "timestamp": "2024-03-26T16:02:35.158Z",
  "details": {
    "message": "[API] URL shortened successfully",
    "Link ID": "lu8kfcbj-2n7neo",
    "Short URL": "http://localhost:3000/MgZAIq",
    "Long URL": "https://sniplink.xyz/",
    "Created At": "26 March, 2024, 18:2:33",
    "Request ID": "3bb172d5-02dc-4eb1-bb32-c92efdafc9e7"
  }
}

{
  "timestamp": "2024-03-26T16:10:19.718Z",
  "details": {
    "message": "[API] URL shortened successfully",
    "Link ID": "lu8kpatx-guzn3c",
    "Short URL": "http://localhost:3000/gTRb3V",
    "Long URL": "https://sniplink.xyz/",
    "Created At": "26 March, 2024, 18:10:18",
    "Request ID": "26a23308-aae3-4410-9f98-819d0591a621"
  }
}

{
  "timestamp": "2024-03-26T16:12:03.406Z",
  "details": {
    "message": "[API] URL shortened successfully",
    "Link ID": "lu8krj3m-2yjnsi",
    "Short URL": "http://localhost:3000/LNyzs9",
    "Long URL": "https://sniplink.xyz/",
    "Created At": "26 March, 2024, 18:12:2",
    "Request ID": "7966803f-89fe-475b-af4b-03aaa7ea46a0"
  }
}

{
  "timestamp": "2024-03-26T16:13:12.578Z",
  "details": {
    "message": "[API] URL shortened successfully",
    "Link ID": "lu8kt09n-mr910c",
    "Short URL": "http://localhost:3000/NeF9Ip",
    "Long URL": "https://sniplink.xyz/",
    "Created At": "26 March, 2024, 18:13:11",
    "Request ID": "f87b2d11-aec7-47b0-8d2d-fcc4ba571461"
  }
}

{
  "timestamp": "2024-03-26T16:13:42.177Z",
  "details": {
    "message": "[API] URL shortened successfully",
    "Link ID": "lu8ktncv-vc44mz",
    "Short URL": "http://localhost:3000/RM5pRp",
    "Long URL": "https://sniplink.xyz/",
    "Created At": "26 March, 2024, 18:13:41",
    "Request ID": "873aeebe-6380-40de-9d97-a31de4a48492"
  }
}

{
  "timestamp": "2024-03-26T16:13:56.441Z",
  "details": {
    "message": "[API] URL shortened successfully",
    "Link ID": "lu8ktyke-g36na3",
    "Short URL": "http://localhost:3000/GIdYGy",
    "Long URL": "https://sniplink.xyz/",
    "Created At": "26 March, 2024, 18:13:55",
    "Request ID": "f2b7d35e-e399-45c6-be21-67fd66d28c38"
  }
}

{
  "timestamp": "2024-04-26T18:42:53.425Z",
  "details": {
    "message": "[API] URL shortened successfully",
    "Link ID": "lvh0swj0-djbh7i",
    "Short URL": "http://localhost:3000/X24h6z",
    "Long URL": "https://sniplink.xyz/",
    "Created At": "26 April, 2024, 20:42:52",
    "Request ID": "c9f88820-1210-48e7-ba5b-7f4b96d8cfea"
  }
}

{
  "timestamp": "2024-04-26T18:43:02.395Z",
  "details": {
    "message": "[API] URL shortened successfully",
    "Link ID": "lvh0t3mj-t0sf7b",
    "Short URL": "http://localhost:3000/36B4Up",
    "Long URL": "https://sniplink.xyz/",
    "Created At": "26 April, 2024, 20:43:1",
    "Request ID": "fe9faf12-09cd-4c17-a020-f250aa98be57"
  }
}

{
  "timestamp": "2024-04-26T18:43:38.741Z",
  "details": {
    "message": "[API] URL shortened successfully",
    "Link ID": "lvh0tvrm-w8f8ha",
    "Short URL": "http://localhost:3000/iXnUR0",
    "Long URL": "https://sniplink.xyz/",
    "Created At": "26 April, 2024, 20:43:37",
    "Request ID": "1221f370-98de-4344-8a95-58e7fea7dc51"
  }
}

{
  "timestamp": "2024-04-26T18:43:47.583Z",
  "details": {
    "message": "[API] URL shortened successfully",
    "Link ID": "lvh0u12l-fuj0xz",
    "Short URL": "http://localhost:3000/4DFdNZ",
    "Long URL": "https://sniplink.xyz/",
    "Created At": "26 April, 2024, 20:43:44",
    "Request ID": "5dbf1a0b-9eda-4f89-b94e-77ea238277d0"
  }
}

{
  "timestamp": "2024-04-30T14:12:00.092Z",
  "details": {
    "message": "[API] URL shortened successfully",
    "Link ID": "lvmgvya3-5k7peu",
    "Short URL": "http://localhost:3000/S2Yb1h",
    "Long URL": "https://sniplink.xyz/",
    "Created At": "30 April, 2024, 16:11:59",
    "Request ID": "063ecc58-f4d4-46f2-935e-6b78a244b0fe"
  }
}

{
  "timestamp": "2024-04-30T15:44:32.582Z",
  "details": {
    "message": "[API] URL shortened successfully",
    "Link ID": "lvmk6ytt-9b53xl",
    "Short URL": "http://localhost:3000/28w4xj",
    "Long URL": "https://sniplink.xyz/",
    "Created At": "30 April, 2024, 17:44:31",
    "Request ID": "eb0f26c9-13b0-4fbd-ae9a-f9cc02b07919"
  }
}

