{
  "timestamp": "2024-03-25T13:50:44.411Z",
  "details": {
    "action": "access",
    "userId": "Guest",
    "timestamp": "2024-03-25T13:50:44.411Z"
  }
}
{
  "timestamp": "2024-03-25T13:55:52.616Z",
  "details": {
    "action": "access",
    "userId": "Guest",
    "timestamp": "2024-03-25T13:55:52.616Z"
  }
}
{
  "timestamp": "2024-03-25T14:17:43.533Z",
  "details": {
    "action": "access",
    "userId": "Guest",
    "timestamp": "2024-03-25T14:17:43.533Z"
  }
}
{
  "timestamp": "2024-03-25T14:19:26.065Z",
  "details": {
    "action": "access",
    "userId": "Guest",
    "timestamp": "2024-03-25T14:19:26.065Z"
  }
}
{
  "timestamp": "2024-03-25T14:22:46.460Z",
  "details": {
    "action": "access",
    "userId": "Guest",
    "timestamp": "2024-03-25T14:22:46.460Z"
  }
}
{
  "timestamp": "2024-03-25T14:25:11.543Z",
  "details": {
    "action": "access",
    "userId": "Guest",
    "timestamp": "2024-03-25T14:25:11.543Z"
  }
}
{
  "timestamp": "2024-03-25T14:29:36.503Z",
  "details": {
    "action": "access",
    "userId": "Guest",
    "timestamp": "2024-03-25T14:29:36.503Z"
  }
}
{
  "timestamp": "2024-03-25T14:30:56.330Z",
  "details": {
    "action": "access",
    "userId": "Guest",
    "timestamp": "2024-03-25T14:30:56.330Z"
  }
}
{
  "timestamp": "2024-03-25T14:34:28.180Z",
  "details": {
    "action": "access",
    "userId": "Guest",
    "timestamp": "2024-03-25T14:34:28.180Z"
  }
}
{
  "timestamp": "2024-03-25T14:37:07.396Z",
  "details": {
    "action": "access",
    "userId": "Guest",
    "timestamp": "2024-03-25T14:37:07.396Z"
  }
}
{
  "timestamp": "2024-03-25T14:40:55.146Z",
  "details": {
    "action": "access",
    "userId": "Guest",
    "timestamp": "2024-03-25T14:40:55.146Z"
  }
}
{
  "timestamp": "2024-03-25T14:43:18.148Z",
  "details": {
    "action": "access",
    "userId": "Guest",
    "timestamp": "2024-03-25T14:43:18.148Z"
  }
}
{
  "timestamp": "2024-03-26T19:31:24.268Z",
  "details": {
    "action": "access",
    "userId": "Guest",
    "timestamp": "2024-03-26T19:31:24.268Z"
  }
}
{
  "timestamp": "2024-03-26T19:38:07.084Z",
  "details": {
    "userId": "1025396233864491068",
    "username": "diwithacck",
    "shortUrl": "http://localhost:3000/5QCY33",
    "originalUrl": "https://steamcommunity.com/profiles/76561199029879251",
    "customUrl": "5QCY33",
    "title": "r",
    "description": "r",
    "expiryDate": 1711568282
  }
}
{
  "timestamp": "2024-03-27T09:29:12.703Z",
  "details": {
    "action": "access",
    "userId": "Guest",
    "timestamp": "2024-03-27T09:29:12.703Z"
  }
}
{
  "timestamp": "2024-03-27T09:29:13.500Z",
  "details": {
    "action": "access",
    "userId": "Guest",
    "timestamp": "2024-03-27T09:29:13.500Z"
  }
}
{
  "timestamp": "2024-03-27T09:29:22.403Z",
  "details": {
    "action": "access",
    "userId": "417237496007753738",
    "timestamp": "2024-03-27T09:29:22.403Z"
  }
}
{
  "timestamp": "2024-03-27T09:55:13.262Z",
  "details": {
    "action": "access",
    "userId": "Guest",
    "timestamp": "2024-03-27T09:55:13.262Z"
  }
}
{
  "timestamp": "2024-03-27T09:55:41.501Z",
  "details": {
    "userId": "417237496007753738",
    "username": "iialanii",
    "shortUrl": "http://localhost:3000/TS3OK1",
    "originalUrl": "https://sniplink.xyz/",
    "customUrl": "TS3OK1",
    "title": "SnipLink.xyz - Link Shortener",
    "description": "Shorten your long URLs and share them easily with SnipLink.xyz.",
    "expiryDate": 1711619735
  }
}
{
  "timestamp": "2024-03-27T09:56:09.067Z",
  "details": {
    "userId": "417237496007753738",
    "username": "iialanii",
    "shortUrl": "http://localhost:3000/dddd",
    "originalUrl": "https://steamcommunity.com/profiles/76561199029879251",
    "customUrl": "dddd",
    "title": "d",
    "description": "d",
    "expiryDate": 1711619765
  }
}
{
  "timestamp": "2024-03-27T10:21:30.520Z",
  "details": {
    "action": "access",
    "userId": "Guest",
    "timestamp": "2024-03-27T10:21:30.520Z"
  }
}
{
  "timestamp": "2024-03-27T10:31:56.767Z",
  "details": {
    "userId": "417237496007753738",
    "username": "iialanii",
    "shortUrl": "http://localhost:3000/s",
    "originalUrl": "https://steamcommunity.com/profiles/76561199029879251",
    "customUrl": "s",
    "title": "Steam Community :: MiddlingTick1",
    "description": "No information given.",
    "expiryDate": 1711621910
  }
}
{
  "timestamp": "2024-03-27T10:53:27.248Z",
  "details": {
    "action": "access",
    "userId": "Guest",
    "timestamp": "2024-03-27T10:53:27.248Z"
  }
}
{
  "timestamp": "2024-03-27T11:09:49.300Z",
  "details": {
    "userId": "417237496007753738",
    "username": "iialanii",
    "shortUrl": "http://localhost:3000/login",
    "originalUrl": "https://steamcommunity.com/profiles/76561199029879251",
    "customUrl": "login",
    "title": "Steam Community :: MiddlingTick1",
    "description": "No information given.",
    "expiryDate": 1711624183
  }
}
{
  "timestamp": "2024-04-04T15:13:03.145Z",
  "details": {
    "action": "access",
    "userId": "Guest",
    "timestamp": "2024-04-04T15:13:03.145Z"
  }
}
{
  "timestamp": "2024-04-04T15:14:34.859Z",
  "details": {
    "action": "access",
    "userId": "Guest",
    "timestamp": "2024-04-04T15:14:34.859Z"
  }
}
{
  "timestamp": "2024-04-04T15:18:26.643Z",
  "details": {
    "action": "access",
    "userId": "Guest",
    "timestamp": "2024-04-04T15:18:26.643Z"
  }
}
{
  "timestamp": "2024-04-17T16:29:53.374Z",
  "details": {
    "action": "access",
    "userId": "Guest",
    "timestamp": "2024-04-17T16:29:53.374Z"
  }
}
