2024-03-23 21:20:36 [INFO]: Link expiration check completed.
2024-03-23 21:20:36 [INFO]: Link expiration checker started
2024-03-23 21:20:36 [INFO]: Link expiration check completed.
2024-03-23 21:26:27 [INFO]: Link expiration check completed.
2024-03-23 21:26:27 [INFO]: Link expiration checker started
2024-03-23 21:26:29 [INFO]: Link expiration check completed.
2024-03-23 21:30:42 [INFO]: Link expiration check completed.
2024-03-23 21:30:42 [INFO]: Link expiration checker started
2024-03-23 21:30:42 [INFO]: Link expiration check completed.
2024-03-23 21:33:14 [INFO]: Link expiration check completed.
2024-03-23 21:33:14 [INFO]: Link expiration checker started
2024-03-23 21:33:15 [INFO]: Link expiration check completed.
2024-03-23 21:34:45 [INFO]: Link expiration check completed.
2024-03-23 21:34:46 [INFO]: Link expiration check completed.
2024-03-23 21:34:46 [INFO]: Link expiration checker started
2024-03-23 21:38:24 [INFO]: Link expiration check completed.
2024-03-23 21:38:24 [INFO]: Link expiration checker started
2024-03-23 21:38:25 [INFO]: Link expiration check completed.
2024-03-23 22:05:24 [INFO]: Link expiration check completed.
2024-03-23 22:05:24 [INFO]: Link expiration check completed.
2024-03-23 22:05:24 [INFO]: Link expiration checker started
2024-03-23 22:10:24 [INFO]: Link expiration check completed.
2024-03-23 22:10:25 [INFO]: Link expiration check completed.
2024-03-24 19:06:34 [ERROR]: Error checking link expiration: Operation `links.find()` buffering timed out after 10000ms
2024-03-24 19:06:34 [INFO]: Link expiration checker started
2024-03-24 19:06:34 [ERROR]: Error checking link expiration: Operation `links.find()` buffering timed out after 10000ms
2024-03-24 19:11:36 [INFO]: Link expiration check completed.
2024-03-24 19:11:36 [INFO]: Link expiration check completed.
2024-03-24 21:52:39 [INFO]: Link expiration check completed.
2024-03-24 21:52:39 [INFO]: Link expiration checker started
2024-03-24 21:52:42 [INFO]: Link expiration check completed.
2024-03-24 22:27:31 [INFO]: Link expiration check completed.
2024-03-24 22:27:32 [INFO]: Link expiration check completed.
2024-03-24 22:27:32 [INFO]: Link expiration checker started
2024-03-25 15:44:42 [ERROR]: Error checking link expiration: Operation `links.find()` buffering timed out after 10000ms
2024-03-25 15:44:42 [INFO]: Link expiration checker started
2024-03-25 15:44:42 [ERROR]: Error checking link expiration: Operation `links.find()` buffering timed out after 10000ms
2024-03-25 15:46:13 [INFO]: Link expiration check completed.
2024-03-25 15:46:13 [INFO]: Link expiration checker started
2024-03-25 15:46:13 [INFO]: Link expiration check completed.
2024-03-25 15:47:58 [INFO]: Link expiration check completed.
2024-03-25 15:47:58 [INFO]: Link expiration checker started
2024-03-25 15:48:00 [INFO]: Link expiration check completed.
2024-03-25 15:50:28 [INFO]: Link expiration check completed.
2024-03-25 15:50:28 [INFO]: Link expiration checker started
2024-03-25 15:50:28 [INFO]: Link expiration check completed.
2024-03-25 15:52:14 [INFO]: Link expiration check completed.
2024-03-25 15:52:14 [INFO]: Link expiration checker started
2024-03-25 15:52:15 [INFO]: Link expiration check completed.
2024-03-25 15:55:45 [INFO]: Link expiration check completed.
2024-03-25 15:55:45 [INFO]: Link expiration checker started
2024-03-25 15:55:47 [INFO]: Link expiration check completed.
2024-03-25 16:00:55 [INFO]: Link expiration check completed.
2024-03-25 16:00:55 [INFO]: Link expiration checker started
2024-03-25 16:00:56 [INFO]: Link expiration check completed.
2024-03-25 16:09:10 [INFO]: Link expiration check completed.
2024-03-25 16:09:11 [INFO]: Link expiration check completed.
2024-03-25 16:09:11 [INFO]: Link expiration checker started
2024-03-25 16:11:16 [INFO]: Link expiration check completed.
2024-03-25 16:11:18 [INFO]: Link expiration check completed.
2024-03-25 16:11:18 [INFO]: Link expiration checker started
2024-03-25 16:12:19 [INFO]: Link expiration check completed.
2024-03-25 16:12:19 [INFO]: Link expiration checker started
2024-03-25 16:12:20 [INFO]: Link expiration check completed.
2024-03-25 16:16:33 [INFO]: Link expiration check completed.
2024-03-25 16:16:33 [INFO]: Link expiration checker started
2024-03-25 16:16:34 [INFO]: Link expiration check completed.
2024-03-25 16:19:12 [INFO]: Link expiration check completed.
2024-03-25 16:19:12 [INFO]: Link expiration checker started
2024-03-25 16:19:13 [INFO]: Link expiration check completed.
2024-03-25 16:22:37 [INFO]: Link expiration check completed.
2024-03-25 16:22:37 [INFO]: Link expiration checker started
2024-03-25 16:22:37 [INFO]: Link expiration check completed.
2024-03-25 16:24:56 [INFO]: Link expiration check completed.
2024-03-25 16:24:56 [INFO]: Link expiration checker started
2024-03-25 16:24:57 [INFO]: Link expiration check completed.
2024-03-25 16:29:00 [INFO]: Link expiration check completed.
2024-03-25 16:29:00 [INFO]: Link expiration checker started
2024-03-25 16:29:00 [INFO]: Link expiration check completed.
2024-03-25 16:30:33 [INFO]: Link expiration check completed.
2024-03-25 16:30:33 [INFO]: Link expiration checker started
2024-03-25 16:30:33 [INFO]: Link expiration check completed.
2024-03-25 16:34:20 [INFO]: Link expiration check completed.
2024-03-25 16:34:20 [INFO]: Link expiration checker started
2024-03-25 16:34:22 [INFO]: Link expiration check completed.
2024-03-25 16:36:57 [INFO]: Link expiration check completed.
2024-03-25 16:36:57 [INFO]: Link expiration checker started
2024-03-25 16:36:59 [INFO]: Link expiration check completed.
2024-03-25 16:40:27 [INFO]: Link expiration check completed.
2024-03-25 16:40:46 [ERROR]: Error checking link expiration: connect ETIMEDOUT 52.58.255.123:27017
2024-03-25 16:40:46 [INFO]: Link expiration checker started
2024-03-25 16:43:09 [INFO]: Link expiration check completed.
2024-03-25 16:43:09 [INFO]: Link expiration checker started
2024-03-25 16:43:09 [INFO]: Link expiration check completed.
2024-03-26 13:01:59 [INFO]: Link expiration check completed.
2024-03-26 13:01:59 [INFO]: Link expiration checker started
2024-03-26 13:02:01 [INFO]: Link expiration check completed.
2024-03-26 13:03:04 [INFO]: Link expiration check completed.
2024-03-26 13:03:04 [INFO]: Link expiration checker started
2024-03-26 13:03:05 [INFO]: Link expiration check completed.
2024-03-26 13:08:04 [INFO]: Link expiration check completed.
2024-03-26 13:08:05 [INFO]: Link expiration check completed.
2024-03-26 13:08:05 [INFO]: Link expiration checker started
2024-03-26 13:09:34 [INFO]: Link expiration check completed.
2024-03-26 13:09:34 [INFO]: Link expiration checker started
2024-03-26 13:09:34 [INFO]: Link expiration check completed.
2024-03-26 13:17:54 [INFO]: Link expiration check completed.
2024-03-26 13:17:54 [INFO]: Link expiration checker started
2024-03-26 13:17:54 [INFO]: Link expiration check completed.
2024-03-26 13:19:09 [INFO]: Link expiration check completed.
2024-03-26 13:19:09 [INFO]: Link expiration checker started
2024-03-26 13:19:10 [INFO]: Link expiration check completed.
2024-03-26 13:21:16 [INFO]: Link expiration check completed.
2024-03-26 13:21:19 [INFO]: Link expiration check completed.
2024-03-26 13:21:19 [INFO]: Link expiration checker started
2024-03-26 13:21:50 [INFO]: Link expiration check completed.
2024-03-26 13:21:52 [INFO]: Link expiration check completed.
2024-03-26 13:21:52 [INFO]: Link expiration checker started
2024-03-26 13:23:22 [INFO]: Link expiration check completed.
2024-03-26 13:23:22 [INFO]: Link expiration checker started
2024-03-26 13:23:24 [INFO]: Link expiration check completed.
2024-03-26 13:27:48 [INFO]: Link expiration check completed.
2024-03-26 13:27:48 [INFO]: Link expiration checker started
2024-03-26 13:27:48 [INFO]: Link expiration check completed.
2024-03-26 13:32:19 [INFO]: Link expiration check completed.
2024-03-26 13:32:19 [INFO]: Link expiration checker started
2024-03-26 13:32:20 [INFO]: Link expiration check completed.
2024-03-26 13:36:43 [INFO]: Link expiration check completed.
2024-03-26 13:36:43 [INFO]: Link expiration check completed.
2024-03-26 13:36:43 [INFO]: Link expiration checker started
2024-03-26 13:37:24 [INFO]: Link expiration check completed.
2024-03-26 13:37:24 [INFO]: Link expiration checker started
2024-03-26 13:37:24 [INFO]: Link expiration check completed.
2024-03-26 13:42:09 [INFO]: Link expiration check completed.
2024-03-26 13:42:09 [INFO]: Link expiration check completed.
2024-03-26 13:42:09 [INFO]: Link expiration checker started
2024-03-26 13:44:43 [INFO]: Link expiration check completed.
2024-03-26 13:44:43 [INFO]: Link expiration checker started
2024-03-26 13:44:45 [INFO]: Link expiration check completed.
2024-03-26 13:48:11 [INFO]: Link expiration check completed.
2024-03-26 13:48:11 [INFO]: Link expiration checker started
2024-03-26 13:48:13 [INFO]: Link expiration check completed.
2024-03-26 14:03:21 [INFO]: Link expiration check completed.
2024-03-26 14:03:21 [INFO]: Link expiration check completed.
2024-03-26 14:03:21 [INFO]: Link expiration checker started
2024-03-26 14:05:07 [INFO]: Link expiration check completed.
2024-03-26 14:05:07 [INFO]: Link expiration check completed.
2024-03-26 14:05:07 [INFO]: Link expiration checker started
2024-03-26 14:06:44 [INFO]: Link expiration check completed.
2024-03-26 14:06:44 [INFO]: Link expiration checker started
2024-03-26 14:06:44 [INFO]: Link expiration check completed.
2024-03-26 14:19:48 [INFO]: Link expiration check completed.
2024-03-26 14:19:49 [INFO]: Link expiration check completed.
2024-03-26 14:19:49 [INFO]: Link expiration checker started
2024-03-26 14:22:32 [INFO]: Link expiration check completed.
2024-03-26 14:22:32 [INFO]: Link expiration checker started
2024-03-26 14:22:34 [INFO]: Link expiration check completed.
2024-03-26 14:23:44 [INFO]: Link expiration check completed.
2024-03-26 14:23:44 [INFO]: Link expiration check completed.
2024-03-26 14:23:44 [INFO]: Link expiration checker started
2024-03-26 14:54:22 [ERROR]: Error checking link expiration: Operation `links.find()` buffering timed out after 10000ms
2024-03-26 14:54:22 [INFO]: Link expiration checker started
2024-03-26 14:54:22 [ERROR]: Error checking link expiration: Operation `links.find()` buffering timed out after 10000ms
2024-03-26 14:56:03 [INFO]: Link expiration check completed.
2024-03-26 14:56:03 [INFO]: Link expiration check completed.
2024-03-26 14:56:03 [INFO]: Link expiration checker started
2024-03-26 14:58:31 [INFO]: Link expiration check completed.
2024-03-26 14:58:31 [INFO]: Link expiration check completed.
2024-03-26 14:58:31 [INFO]: Link expiration checker started
2024-03-26 15:00:54 [INFO]: Link expiration check completed.
2024-03-26 15:00:54 [INFO]: Link expiration checker started
2024-03-26 15:00:55 [INFO]: Link expiration check completed.
2024-03-26 15:01:45 [INFO]: Link expiration check completed.
2024-03-26 15:01:46 [INFO]: Link expiration check completed.
2024-03-26 15:01:46 [INFO]: Link expiration checker started
2024-03-26 15:03:48 [INFO]: Link expiration check completed.
2024-03-26 15:03:48 [INFO]: Link expiration checker started
2024-03-26 15:03:49 [INFO]: Link expiration check completed.
2024-03-26 15:06:10 [INFO]: Link expiration check completed.
2024-03-26 15:06:10 [INFO]: Link expiration checker started
2024-03-26 15:06:11 [INFO]: Link expiration check completed.
2024-03-26 15:08:04 [INFO]: Link expiration check completed.
2024-03-26 15:08:04 [INFO]: Link expiration checker started
2024-03-26 15:08:05 [INFO]: Link expiration check completed.
2024-03-26 17:13:50 [INFO]: Link expiration check completed.
2024-03-26 17:13:50 [INFO]: Link expiration check completed.
2024-03-26 17:13:50 [INFO]: Link expiration checker started
2024-03-26 17:20:58 [INFO]: Link expiration check completed.
2024-03-26 17:20:58 [INFO]: Link expiration check completed.
2024-03-26 17:20:58 [INFO]: Link expiration checker started
2024-03-26 17:33:56 [INFO]: Link expiration check completed.
2024-03-26 17:33:56 [INFO]: Link expiration check completed.
2024-03-26 17:33:56 [INFO]: Link expiration checker started
2024-03-26 17:36:58 [INFO]: Link expiration check completed.
2024-03-26 17:36:58 [INFO]: Link expiration checker started
2024-03-26 17:37:00 [INFO]: Link expiration check completed.
2024-03-26 17:39:12 [INFO]: Link expiration check completed.
2024-03-26 17:39:12 [INFO]: Link expiration check completed.
2024-03-26 17:39:12 [INFO]: Link expiration checker started
2024-03-26 17:40:46 [INFO]: Link expiration check completed.
2024-03-26 17:40:46 [INFO]: Link expiration check completed.
2024-03-26 17:40:46 [INFO]: Link expiration checker started
2024-03-26 18:00:24 [INFO]: Link expiration check completed.
2024-03-26 18:00:24 [INFO]: Link expiration check completed.
2024-03-26 18:00:24 [INFO]: Link expiration checker started
2024-03-26 18:01:14 [INFO]: Link expiration check completed.
2024-03-26 18:01:15 [INFO]: Link expiration check completed.
2024-03-26 18:01:15 [INFO]: Link expiration checker started
2024-03-26 18:02:30 [INFO]: Link expiration check completed.
2024-03-26 18:02:31 [INFO]: Link expiration check completed.
2024-03-26 18:02:31 [INFO]: Link expiration checker started
2024-03-26 18:10:10 [INFO]: Link expiration check completed.
2024-03-26 18:10:11 [INFO]: Link expiration check completed.
2024-03-26 18:10:11 [INFO]: Link expiration checker started
2024-03-26 18:11:57 [INFO]: Link expiration check completed.
2024-03-26 18:11:59 [INFO]: Link expiration check completed.
2024-03-26 18:11:59 [INFO]: Link expiration checker started
2024-03-26 18:12:58 [INFO]: Link expiration check completed.
2024-03-26 18:12:58 [INFO]: Link expiration checker started
2024-03-26 18:12:59 [INFO]: Link expiration check completed.
2024-03-26 18:13:35 [INFO]: Link expiration check completed.
2024-03-26 18:13:35 [INFO]: Link expiration check completed.
2024-03-26 18:13:35 [INFO]: Link expiration checker started
2024-03-26 21:30:03 [INFO]: Link expiration check completed.
2024-03-26 21:30:03 [INFO]: Link expiration checker started
2024-03-26 21:30:05 [INFO]: Link expiration check completed.
2024-03-27 11:26:50 [ERROR]: Error checking link expiration: Operation `links.find()` buffering timed out after 10000ms
2024-03-27 11:26:50 [INFO]: Link expiration checker started
2024-03-27 11:26:50 [ERROR]: Error checking link expiration: Operation `links.find()` buffering timed out after 10000ms
2024-03-27 11:28:17 [ERROR]: Error checking link expiration: Operation `links.find()` buffering timed out after 10000ms
2024-03-27 11:28:17 [INFO]: Link expiration checker started
2024-03-27 11:28:17 [ERROR]: Error checking link expiration: Operation `links.find()` buffering timed out after 10000ms
2024-03-27 11:28:50 [INFO]: Link expiration check completed.
2024-03-27 11:28:50 [INFO]: Link expiration check completed.
2024-03-27 11:28:50 [INFO]: Link expiration checker started
2024-03-27 11:53:57 [INFO]: Link expiration check completed.
2024-03-27 11:53:57 [INFO]: Link expiration check completed.
2024-03-27 11:53:57 [INFO]: Link expiration checker started
2024-03-27 11:58:26 [INFO]: Link expiration check completed.
2024-03-27 11:58:26 [INFO]: Link expiration check completed.
2024-03-27 11:58:26 [INFO]: Link expiration checker started
2024-03-27 12:21:23 [INFO]: Link expiration check completed.
2024-03-27 12:21:23 [INFO]: Link expiration check completed.
2024-03-27 12:21:23 [INFO]: Link expiration checker started
2024-03-27 12:53:03 [INFO]: Link expiration check completed.
2024-03-27 12:53:03 [INFO]: Link expiration check completed.
2024-03-27 12:53:03 [INFO]: Link expiration checker started
2024-03-28 19:06:51 [ERROR]: Error checking link expiration: Operation `links.find()` buffering timed out after 10000ms
2024-03-28 19:06:51 [INFO]: Link expiration checker started
2024-03-28 19:06:51 [ERROR]: Error checking link expiration: Operation `links.find()` buffering timed out after 10000ms
2024-03-28 19:08:28 [INFO]: Link expiration check completed.
2024-03-28 19:08:28 [INFO]: Link expiration check completed.
2024-03-28 19:08:28 [INFO]: Link expiration checker started
2024-04-04 17:11:47 [ERROR]: Error checking link expiration: Operation `links.find()` buffering timed out after 10000ms
2024-04-04 17:11:47 [INFO]: Link expiration checker started
2024-04-04 17:11:47 [ERROR]: Error checking link expiration: Operation `links.find()` buffering timed out after 10000ms
2024-04-04 17:12:12 [INFO]: Link expiration check completed.
2024-04-04 17:12:12 [INFO]: Link expiration check completed.
2024-04-04 17:12:12 [INFO]: Link expiration checker started
2024-04-04 17:14:10 [INFO]: Link expiration check completed.
2024-04-04 17:14:12 [INFO]: Link expiration check completed.
2024-04-04 17:14:12 [INFO]: Link expiration checker started
2024-04-04 17:16:21 [INFO]: Link expiration check completed.
2024-04-04 17:16:21 [INFO]: Link expiration checker started
2024-04-04 17:16:22 [INFO]: Link expiration check completed.
2024-04-04 17:18:15 [INFO]: Link expiration check completed.
2024-04-04 17:18:15 [INFO]: Link expiration check completed.
2024-04-04 17:18:15 [INFO]: Link expiration checker started
2024-04-04 17:20:07 [INFO]: Link expiration check completed.
2024-04-04 17:20:07 [INFO]: Link expiration check completed.
2024-04-04 17:20:07 [INFO]: Link expiration checker started
2024-04-04 17:21:23 [INFO]: Link expiration check completed.
2024-04-04 17:21:23 [INFO]: Link expiration check completed.
2024-04-04 17:21:23 [INFO]: Link expiration checker started
2024-04-04 17:23:59 [INFO]: Link expiration check completed.
2024-04-04 17:23:59 [INFO]: Link expiration checker started
2024-04-04 17:24:00 [INFO]: Link expiration check completed.
2024-04-04 17:29:37 [ERROR]: Error checking link expiration: Operation `links.find()` buffering timed out after 10000ms
2024-04-04 17:29:37 [INFO]: Link expiration checker started
2024-04-04 17:29:37 [ERROR]: Error checking link expiration: Operation `links.find()` buffering timed out after 10000ms
2024-04-04 17:30:07 [INFO]: Link expiration check completed.
2024-04-04 17:30:08 [INFO]: Link expiration check completed.
2024-04-04 17:30:08 [INFO]: Link expiration checker started
2024-04-04 17:31:34 [ERROR]: Error checking link expiration: Operation `links.find()` buffering timed out after 10000ms
2024-04-04 17:31:34 [INFO]: Link expiration checker started
2024-04-04 17:31:34 [ERROR]: Error checking link expiration: Operation `links.find()` buffering timed out after 10000ms
2024-04-04 17:32:29 [INFO]: Link expiration check completed.
2024-04-04 17:32:29 [INFO]: Link expiration checker started
2024-04-04 17:32:34 [INFO]: Link expiration check completed.
2024-04-04 18:24:53 [INFO]: Link expiration check completed.
2024-04-04 18:24:53 [INFO]: Link expiration check completed.
2024-04-04 18:24:53 [INFO]: Link expiration checker started
2024-04-04 18:26:27 [INFO]: Link expiration check completed.
2024-04-04 18:26:27 [INFO]: Link expiration check completed.
2024-04-04 18:26:27 [INFO]: Link expiration checker started
2024-04-04 18:29:55 [INFO]: Link expiration check completed.
2024-04-04 18:29:55 [INFO]: Link expiration check completed.
2024-04-04 18:29:55 [INFO]: Link expiration checker started
2024-04-04 18:32:19 [INFO]: Link expiration check completed.
2024-04-04 18:32:19 [INFO]: Link expiration check completed.
2024-04-04 18:32:19 [INFO]: Link expiration checker started
2024-04-17 18:29:15 [INFO]: Link expiration check completed.
2024-04-17 18:29:16 [INFO]: Link expiration check completed.
2024-04-17 18:29:16 [INFO]: Link expiration checker started
2024-04-18 17:14:25 [ERROR]: Error checking link expiration: Operation `links.find()` buffering timed out after 10000ms
2024-04-18 17:14:25 [INFO]: Link expiration checker started
2024-04-18 17:14:25 [ERROR]: Error checking link expiration: Operation `links.find()` buffering timed out after 10000ms
2024-04-18 17:14:25 [ERROR]: Error checking link expiration: Operation `links.find()` buffering timed out after 10000ms
2024-04-18 17:16:52 [INFO]: Link expiration check completed.
2024-04-18 17:16:53 [INFO]: Link expiration check completed.
2024-04-18 17:16:53 [INFO]: Link expiration checker started
2024-04-18 17:16:53 [INFO]: Link expiration check completed.
2024-04-18 17:23:00 [INFO]: Link expiration check completed.
2024-04-18 17:23:00 [INFO]: Link expiration check completed.
2024-04-18 17:23:00 [INFO]: Link expiration check completed.
2024-04-18 17:23:00 [INFO]: Link expiration checker started
2024-04-26 20:39:05 [ERROR]: Error checking link expiration: Operation `links.find()` buffering timed out after 10000ms
2024-04-26 20:39:05 [INFO]: Link expiration checker started
2024-04-26 20:39:05 [ERROR]: Error checking link expiration: Operation `links.find()` buffering timed out after 10000ms
2024-04-26 20:42:07 [INFO]: Link expiration check completed.
2024-04-26 20:42:07 [INFO]: Link expiration check completed.
2024-04-26 20:42:09 [INFO]: Link expiration check completed.
2024-04-26 20:42:09 [INFO]: Link expiration checker started
2024-04-26 20:43:31 [INFO]: Link expiration check completed.
2024-04-26 20:43:31 [INFO]: Link expiration check completed.
2024-04-26 20:43:31 [INFO]: Link expiration check completed.
2024-04-26 20:43:31 [INFO]: Link expiration checker started
2024-04-30 16:06:28 [ERROR]: Error checking link expiration: Operation `links.find()` buffering timed out after 10000ms
2024-04-30 16:06:28 [INFO]: Link expiration checker started
2024-04-30 16:06:28 [ERROR]: Error checking link expiration: Operation `links.find()` buffering timed out after 10000ms
2024-04-30 16:06:28 [ERROR]: Error checking link expiration: Operation `links.find()` buffering timed out after 10000ms
2024-04-30 16:09:39 [ERROR]: Error checking link expiration: Operation `links.find()` buffering timed out after 10000ms
2024-04-30 16:09:39 [INFO]: Link expiration checker started
2024-04-30 16:09:39 [ERROR]: Error checking link expiration: Operation `links.find()` buffering timed out after 10000ms
2024-04-30 16:09:39 [ERROR]: Error checking link expiration: Operation `links.find()` buffering timed out after 10000ms
2024-04-30 16:11:53 [INFO]: Link expiration check completed.
2024-04-30 16:11:53 [INFO]: Link expiration check completed.
2024-04-30 16:11:53 [INFO]: Link expiration check completed.
2024-04-30 16:11:53 [INFO]: Link expiration checker started
2024-04-30 16:16:59 [INFO]: Link expiration check completed.
2024-04-30 16:16:59 [INFO]: Link expiration check completed.
2024-04-30 16:16:59 [INFO]: Link expiration check completed.
2024-04-30 16:16:59 [INFO]: Link expiration checker started
2024-04-30 16:23:15 [INFO]: Link expiration check completed.
2024-04-30 16:23:15 [INFO]: Link expiration check completed.
2024-04-30 16:23:15 [INFO]: Link expiration check completed.
2024-04-30 16:23:15 [INFO]: Link expiration checker started
2024-04-30 16:24:18 [INFO]: Link expiration check completed.
2024-04-30 16:24:18 [INFO]: Link expiration check completed.
2024-04-30 16:24:18 [INFO]: Link expiration checker started
2024-04-30 16:24:18 [INFO]: Link expiration check completed.
2024-04-30 16:24:48 [INFO]: Link expiration check completed.
2024-04-30 16:24:48 [INFO]: Link expiration check completed.
2024-04-30 16:24:48 [INFO]: Link expiration checker started
2024-04-30 16:24:49 [INFO]: Link expiration check completed.
2024-04-30 16:25:19 [INFO]: Link expiration check completed.
2024-04-30 16:25:19 [INFO]: Link expiration check completed.
2024-04-30 16:25:19 [INFO]: Link expiration check completed.
2024-04-30 16:25:19 [INFO]: Link expiration checker started
2024-04-30 16:45:07 [INFO]: Link expiration check completed.
2024-04-30 16:45:07 [INFO]: Link expiration check completed.
2024-04-30 16:45:07 [INFO]: Link expiration checker started
2024-04-30 16:45:08 [INFO]: Link expiration check completed.
2024-04-30 16:59:17 [INFO]: Link expiration check completed.
2024-04-30 16:59:17 [INFO]: Link expiration check completed.
2024-04-30 16:59:17 [INFO]: Link expiration check completed.
2024-04-30 16:59:17 [INFO]: Link expiration checker started
2024-04-30 17:04:50 [INFO]: Link expiration check completed.
2024-04-30 17:04:50 [INFO]: Link expiration check completed.
2024-04-30 17:04:50 [INFO]: Link expiration check completed.
2024-04-30 17:04:50 [INFO]: Link expiration checker started
2024-04-30 17:06:15 [INFO]: Link expiration check completed.
2024-04-30 17:06:15 [INFO]: Link expiration check completed.
2024-04-30 17:06:15 [INFO]: Link expiration check completed.
2024-04-30 17:06:15 [INFO]: Link expiration checker started
2024-04-30 18:30:09 [INFO]: Link expiration check completed.
2024-04-30 18:30:09 [INFO]: Link expiration check completed.
2024-04-30 18:30:09 [INFO]: Link expiration check completed.
2024-04-30 18:30:09 [INFO]: Link expiration checker started
2024-04-30 18:30:52 [INFO]: Link expiration check completed.
2024-04-30 18:30:52 [INFO]: Link expiration check completed.
2024-04-30 18:30:53 [INFO]: Link expiration check completed.
2024-04-30 18:30:53 [INFO]: Link expiration checker started
2024-04-30 18:35:53 [INFO]: 
    Expired link deleted:
    linkId=xiZJCA,
    shortUrl=xiZJCA,
    longUrl=https://www.youtube.com/,
    createdAt=Mon Apr 29 2024 18:31:03 GMT+0200 (Central Africa Time),
    eventName=Expiration Check
    originalExpiryDate=1714494698

2024-04-30 18:35:53 [INFO]: Link expiration check completed.
2024-04-30 18:35:53 [INFO]: 
    Expired link deleted:
    linkId=xiZJCA,
    shortUrl=xiZJCA,
    longUrl=https://www.youtube.com/,
    createdAt=Mon Apr 29 2024 18:31:03 GMT+0200 (Central Africa Time),
    eventName=Expiration Check
    originalExpiryDate=1714494698

2024-04-30 18:35:53 [INFO]: Link expiration check completed.
2024-04-30 18:35:54 [INFO]: Link expiration check completed.
2024-04-30 18:40:54 [INFO]: Link expiration check completed.
2024-04-30 18:40:54 [INFO]: Link expiration check completed.
2024-04-30 21:40:05 [ERROR]: Error checking link expiration: Operation `links.find()` buffering timed out after 10000ms
2024-04-30 21:40:05 [INFO]: Link expiration checker started
2024-04-30 21:40:05 [ERROR]: Error checking link expiration: Operation `links.find()` buffering timed out after 10000ms
2024-04-30 21:40:05 [ERROR]: Error checking link expiration: Operation `links.find()` buffering timed out after 10000ms
2024-04-30 21:42:42 [INFO]: Link expiration check completed.
2024-04-30 21:42:42 [INFO]: Link expiration check completed.
2024-04-30 21:42:43 [INFO]: Link expiration check completed.
2024-04-30 21:42:43 [INFO]: Link expiration checker started
2024-05-01 21:07:08 [INFO]: Link expiration check completed.
2024-05-01 21:07:08 [INFO]: Link expiration check completed.
2024-05-01 21:07:08 [INFO]: Link expiration check completed.
2024-05-01 21:07:08 [INFO]: Link expiration checker started
2024-05-01 21:08:12 [INFO]: Link expiration check completed.
2024-05-01 21:08:12 [INFO]: Link expiration check completed.
2024-05-01 21:08:12 [INFO]: Link expiration check completed.
2024-05-01 21:08:12 [INFO]: Link expiration checker started
2024-05-01 21:09:02 [INFO]: Link expiration check completed.
2024-05-01 21:09:02 [INFO]: Link expiration check completed.
2024-05-01 21:09:02 [INFO]: Link expiration check completed.
2024-05-01 21:09:02 [INFO]: Link expiration checker started
2024-05-01 21:16:14 [ERROR]: Error checking link expiration: Operation `links.find()` buffering timed out after 10000ms
2024-05-01 21:16:14 [INFO]: Link expiration checker started
2024-05-01 21:16:14 [ERROR]: Error checking link expiration: Operation `links.find()` buffering timed out after 10000ms
2024-05-01 21:16:14 [ERROR]: Error checking link expiration: Operation `links.find()` buffering timed out after 10000ms
2024-05-01 21:16:42 [INFO]: Link expiration check completed.
2024-05-01 21:16:42 [INFO]: Link expiration check completed.
2024-05-01 21:16:42 [INFO]: Link expiration check completed.
2024-05-01 21:16:42 [INFO]: Link expiration checker started
2024-05-01 21:23:38 [ERROR]: Error checking link expiration: Operation `links.find()` buffering timed out after 10000ms
2024-05-01 21:23:39 [INFO]: Link expiration checker started
2024-05-01 21:23:39 [ERROR]: Error checking link expiration: Operation `links.find()` buffering timed out after 10000ms
2024-05-01 21:23:39 [ERROR]: Error checking link expiration: Operation `links.find()` buffering timed out after 10000ms
2024-05-01 21:25:28 [INFO]: Link expiration check completed.
2024-05-01 21:25:28 [INFO]: Link expiration check completed.
2024-05-01 21:25:28 [INFO]: Link expiration check completed.
2024-05-01 21:25:28 [INFO]: Link expiration checker started
2024-05-01 21:34:48 [INFO]: Link expiration check completed.
2024-05-01 21:34:48 [INFO]: Link expiration check completed.
2024-05-01 21:34:48 [INFO]: Link expiration check completed.
2024-05-01 21:34:48 [INFO]: Link expiration checker started
2024-05-01 21:35:14 [INFO]: Link expiration check completed.
2024-05-01 21:35:14 [INFO]: Link expiration check completed.
2024-05-01 21:35:14 [INFO]: Link expiration checker started
2024-05-01 21:35:17 [INFO]: Link expiration check completed.
2024-05-02 21:22:57 [ERROR]: Error checking link expiration: Cannot use a session that has ended
2024-05-02 21:22:57 [ERROR]: Error checking link expiration: Server is closed
2024-05-02 21:22:57 [INFO]: Link expiration checker started
2024-05-02 21:22:57 [ERROR]: Error checking link expiration: Client must be connected before running operations
2024-05-02 21:24:45 [INFO]: Link expiration check completed.
2024-05-02 21:24:45 [INFO]: Link expiration check completed.
2024-05-02 21:24:45 [INFO]: Link expiration check completed.
2024-05-02 21:24:45 [INFO]: Link expiration checker started
