2024-03-26T19:31:42.342Z [info]: {
  "discordId": "1025396233864491068",
  "username": "diwithacck",
  "email": "thesupergamerchannel572@gmail.com",
  "pfp": "https://cdn.discordapp.com/avatars/1025396233864491068/bd606a682a8ff4d8685be3708c69ba5b.png",
  "page": "/dashboard",
  "actionDetails": {}
}
2024-03-26T19:31:50.619Z [info]: {
  "page": "/shortener",
  "actionDetails": {}
}
2024-03-26T19:32:04.490Z [info]: {
  "page": "/generateAuthKey",
  "actionDetails": {}
}
2024-03-26T19:32:06.606Z [info]: {
  "page": "/getCaptchaKey",
  "actionDetails": {}
}
2024-03-26T19:34:27.467Z [info]: {
  "page": "/shortener",
  "actionDetails": {}
}
2024-03-26T19:34:50.397Z [info]: {
  "page": "/generateAuthKey",
  "actionDetails": {}
}
2024-03-26T19:34:52.980Z [info]: {
  "page": "/getCaptchaKey",
  "actionDetails": {}
}
2024-03-26T19:34:55.229Z [info]: {
  "page": "/generateAuthKey",
  "actionDetails": {}
}
2024-03-26T19:34:56.418Z [info]: {
  "page": "/getCaptchaKey",
  "actionDetails": {}
}
2024-03-26T19:35:01.183Z [info]: {
  "page": "/generateAuthKey",
  "actionDetails": {}
}
2024-03-26T19:35:02.701Z [info]: {
  "page": "/getCaptchaKey",
  "actionDetails": {}
}
2024-03-26T19:36:19.984Z [info]: {
  "page": "/generateAuthKey",
  "actionDetails": {}
}
2024-03-26T19:36:21.367Z [info]: {
  "page": "/getCaptchaKey",
  "actionDetails": {}
}
2024-03-26T19:37:38.782Z [info]: {
  "page": "/shortener",
  "actionDetails": {}
}
2024-03-26T19:37:52.843Z [info]: {
  "page": "/generateAuthKey",
  "actionDetails": {}
}
2024-03-26T19:37:54.755Z [info]: {
  "page": "/getCaptchaKey",
  "actionDetails": {}
}
2024-03-26T19:37:56.514Z [info]: {
  "page": "/generateAuthKey",
  "actionDetails": {}
}
2024-03-26T19:37:58.149Z [info]: {
  "page": "/getCaptchaKey",
  "actionDetails": {}
}
2024-03-26T19:38:02.179Z [info]: {
  "page": "/generateAuthKey",
  "actionDetails": {}
}
2024-03-26T19:38:03.521Z [info]: {
  "page": "/generateAuthKey",
  "actionDetails": {}
}
2024-03-26T19:38:03.889Z [info]: {
  "page": "/getCaptchaKey",
  "actionDetails": {}
}
2024-03-26T19:38:04.986Z [info]: {
  "page": "/shorten",
  "actionDetails": {}
}
2024-03-26T19:38:05.599Z [info]: {
  "page": "/shorten",
  "action": "Link shortened",
  "actionDetails": {
    "date": "3/26/2024, 9:38:05 PM",
    "title": "r",
    "description": "r",
    "customUrl": "5QCY33"
  }
}
2024-04-04T15:13:12.247Z [info]: {
  "discordId": "1025396233864491068",
  "username": "diwithacck",
  "email": "thesupergamerchannel572@gmail.com",
  "pfp": "https://cdn.discordapp.com/avatars/1025396233864491068/bd606a682a8ff4d8685be3708c69ba5b.png",
  "page": "/dashboard",
  "actionDetails": {}
}
2024-04-04T15:13:15.267Z [info]: {
  "page": "/linkr/connect/link?signedUrl=eyJhbGciOiJIUzI1NiIsInR5cCI6IkpXVCJ9.eyJpZGVudGlmaWVyIjoibHVsZGdrM20tN3Z4bWR6Iiwic2hvcnRDb2RlIjoiZ3E5YkZPIiwib3JpZ2luYWxVcmwiOiJodHRwczovL29wZW4uc3BvdGlmeS5jb20vdHJhY2svMmJMMmd5TzZrQmRMa05Ta3hYTmg2eD9zaT1kM2YxYzU4OGU5Zjc0NTM5IiwiaWF0IjoxNzEyMjQzMzEzfQ.TIxs_Vrrd5x3bm6Jhi_WH2Wvxb3rIPVt7h9OtR5qb24",
  "actionDetails": {}
}
2024-04-04T15:13:17.368Z [info]: {
  "page": "/linkr/connect/link?signedUrl=eyJhbGciOiJIUzI1NiIsInR5cCI6IkpXVCJ9.eyJpZGVudGlmaWVyIjoibHVsZGdrM20tN3Z4bWR6Iiwic2hvcnRDb2RlIjoiZ3E5YkZPIiwib3JpZ2luYWxVcmwiOiJodHRwczovL29wZW4uc3BvdGlmeS5jb20vdHJhY2svMmJMMmd5TzZrQmRMa05Ta3hYTmg2eD9zaT1kM2YxYzU4OGU5Zjc0NTM5IiwiaWF0IjoxNzEyMjQzMzEzfQ.TIxs_Vrrd5x3bm6Jhi_WH2Wvxb3rIPVt7h9OtR5qb24",
  "actionDetails": {}
}
2024-04-04T15:14:43.257Z [info]: {
  "discordId": "1025396233864491068",
  "username": "diwithacck",
  "email": "thesupergamerchannel572@gmail.com",
  "pfp": "https://cdn.discordapp.com/avatars/1025396233864491068/bd606a682a8ff4d8685be3708c69ba5b.png",
  "page": "/dashboard",
  "actionDetails": {}
}
2024-04-04T15:14:51.672Z [info]: {
  "page": "/linkr/connect/link?signedUrl=eyJhbGciOiJIUzI1NiIsInR5cCI6IkpXVCJ9.eyJpZGVudGlmaWVyIjoibHVsZGdrM20tN3Z4bWR6Iiwic2hvcnRDb2RlIjoiZ3E5YkZPIiwib3JpZ2luYWxVcmwiOiJodHRwczovL29wZW4uc3BvdGlmeS5jb20vdHJhY2svMmJMMmd5TzZrQmRMa05Ta3hYTmg2eD9zaT1kM2YxYzU4OGU5Zjc0NTM5IiwiaWF0IjoxNzEyMjQzMzEzfQ.TIxs_Vrrd5x3bm6Jhi_WH2Wvxb3rIPVt7h9OtR5qb24",
  "actionDetails": {}
}
2024-04-04T15:14:53.982Z [info]: {
  "page": "/linkr/linkSuccess?shortenedUrl=gq9bFO",
  "actionDetails": {}
}
2024-04-04T15:18:35.025Z [info]: {
  "discordId": "1025396233864491068",
  "username": "diwithacck",
  "email": "thesupergamerchannel572@gmail.com",
  "pfp": "https://cdn.discordapp.com/avatars/1025396233864491068/bd606a682a8ff4d8685be3708c69ba5b.png",
  "page": "/dashboard",
  "actionDetails": {}
}
2024-04-04T15:18:50.234Z [info]: {
  "page": "/linkr/connect/link?signedUrl=eyJhbGciOiJIUzI1NiIsInR5cCI6IkpXVCJ9.eyJpZGVudGlmaWVyIjoibHVsZHF0OHUtZGt1dXU3Iiwic2hvcnRDb2RlIjoiMk5FaU5CIiwib3JpZ2luYWxVcmwiOiJodHRwczovL29wZW4uc3BvdGlmeS5jb20vdHJhY2svMmJMMmd5TzZrQmRMa05Ta3hYTmg2eD9zaT1kM2YxYzU4OGU5Zjc0NTM5IiwiaWF0IjoxNzEyMjQzNzkxfQ.pgixEdl2tLjVLVpSwWbwnHplryPmJtCGlejleyrMHv4",
  "actionDetails": {}
}
